<?xml version="1.0" encoding="UTF-8"?>
<testng-results ignored="0" total="1" passed="1" failed="0" skipped="0">
  <reporter-output>
  </reporter-output>
  <suite started-at="2023-11-18T04:56:16 IST" name="Default suite" finished-at="2023-11-18T04:56:16 IST" duration-ms="50">
    <groups>
    </groups>
    <test started-at="2023-11-18T04:56:16 IST" name="Default test" finished-at="2023-11-18T04:56:16 IST" duration-ms="50">
      <class name="com.RestAssured.Non_BDD.MethodChaining">
        <test-method signature="outputLine()[pri:0, instance:com.RestAssured.Non_BDD.MethodChaining@434a63ab]" started-at="2023-11-18T04:56:16 IST" name="outputLine" finished-at="2023-11-18T04:56:16 IST" duration-ms="9" status="PASS">
          <reporter-output>
          </reporter-output>
        </test-method> <!-- outputLine -->
      </class> <!-- com.RestAssured.Non_BDD.MethodChaining -->
    </test> <!-- Default test -->
  </suite> <!-- Default suite -->
</testng-results>
